[2025-10-25 22:37:24] Processed Reports Data: Array
(
)

[2025-10-25 22:37:52] Processed Reports Data: Array
(
)

[2025-10-25 22:38:35] Processed Reports Data: Array
(
)

[2025-10-25 22:38:57] Processed Reports Data: Array
(
    [0] => Array
        (
            [id] => 1
            [jibun_address] =>
            [road_address] =>
            [waste_type] => test
            [waste_type2] =>
            [created_at] => 2025-10-25 13:38:55
            [latitude] => 0.0000000000
            [longitude] => 0.0000000000
            [reg_photo_path] => test
            [reg_photo_path2] =>
            [proc_photo_path] =>
            [status] => processed
            [corrected] => o
            [created_by_name] => 알 수 없음
            [processed_by_name] => 알 수 없음
        )

)
